\BOOKMARK [1][-]{section.0.1}{\376\377\000K\000i\036\277\000n\000\040\000t\000r\000\372\000c\000\040\000h\036\307\000\040\000t\000h\036\321\000n\000g}{}% 1
\BOOKMARK [2][-]{subsection.0.1.1}{\376\377\000M\000o\000n\000o\000l\000i\000t\000h\000\040\000t\000h\000e\000o\000\040\000m\000\364\000\040\000h\000\354\000n\000h\000\040\000c\000l\000i\000e\000n\000t\040\023\000s\000e\000r\000v\000e\000r}{section.0.1}% 2
\BOOKMARK [2][-]{subsection.0.1.2}{\376\377\000N\000g\000u\000y\000\352\000n\000\040\000t\036\257\000c\000\040\000p\000h\000\342\000n\000\040\000t\000\341\000c\000h\000\040\000o\000n\000-\000c\000h\000a\000i\000n\000\040\000v\000\340\000\040\000o\000f\000f\000-\000c\000h\000a\000i\000n}{section.0.1}% 3
\BOOKMARK [1][-]{section.0.2}{\376\377\000N\000g\000\364\000n\000\040\000n\000g\036\357\000\040\000v\000\340\000\040\000n\036\301\000n\000\040\000t\036\243\000n\000g\000\040\000p\000h\000\341\000t\000\040\000t\000r\000i\036\303\000n}{}% 4
\BOOKMARK [2][-]{subsection.0.2.1}{\376\377\000T\000y\000p\000e\000S\000c\000r\000i\000p\000t\000\040\000t\000r\000o\000n\000g\000\040\000p\000h\000\341\000t\000\040\000t\000r\000i\036\303\000n\000\040\036\351\000n\000g\000\040\000d\036\345\000n\000g\000\040\000w\000e\000b}{section.0.2}% 5
\BOOKMARK [2][-]{subsection.0.2.2}{\376\377\000N\000o\000d\000e\000.\000j\000s\000\040\000v\000\340\000\040\000m\000\364\000\040\000h\000\354\000n\000h\000\040\000I\000/\000O\000\040\000b\036\245\000t\000\040\001\021\036\323\000n\000g\000\040\000b\036\331}{section.0.2}% 6
\BOOKMARK [1][-]{section.0.3}{\376\377\000C\000\364\000n\000g\000\040\000n\000g\000h\036\307\000\040\000x\000\342\000y\000\040\000d\036\361\000n\000g\000\040\000g\000i\000a\000o\000\040\000d\000i\036\307\000n\000\040\000n\000g\001\260\036\335\000i\000\040\000d\000\371\000n\000g}{}% 7
\BOOKMARK [2][-]{subsection.0.3.1}{\376\377\000R\000e\000a\000c\000t\000\040\000v\000\340\000\040\000N\000e\000x\000t\000.\000j\000s}{section.0.3}% 8
\BOOKMARK [2][-]{subsection.0.3.2}{\376\377\000T\001\260\001\241\000n\000g\000\040\000t\000\341\000c\000\040\000v\000\355\000\040\000v\000\340\000\040\000t\000r\036\243\000i\000\040\000n\000g\000h\000i\036\307\000m\000\040\000W\000e\000b\0003\000\040\000t\000r\000\352\000n\000\040\000g\000i\000a\000o\000\040\000d\000i\036\307\000n}{section.0.3}% 9
\BOOKMARK [1][-]{section.0.4}{\376\377\000C\000\364\000n\000g\000\040\000n\000g\000h\036\307\000\040\000x\000\342\000y\000\040\000d\036\361\000n\000g\000\040\000b\000a\000c\000k\000e\000n\000d\000\040\000v\000\340\000\040\000A\000P\000I}{}% 10
\BOOKMARK [2][-]{subsection.0.4.1}{\376\377\000N\000e\000s\000t\000J\000S\000\040\000v\000\340\000\040\000c\000\341\000c\000h\000\040\000t\036\325\000\040\000c\000h\036\351\000c\000\040\000b\000a\000c\000k\000e\000n\000d\000\040\000t\000h\000e\000o\000\040\000m\000o\000d\000u\000l\000e}{section.0.4}% 11
\BOOKMARK [2][-]{subsection.0.4.2}{\376\377\000R\000E\000S\000T\000f\000u\000l\000\040\000A\000P\000I\000\040\000v\000\340\000\040\000t\000\340\000i\000\040\000l\000i\036\307\000u\000\040\000h\000o\000\341\000\040\000A\000P\000I}{section.0.4}% 12
\BOOKMARK [1][-]{section.0.5}{\376\377\000C\001\241\000\040\000s\036\337\000\040\000d\036\357\000\040\000l\000i\036\307\000u\000\040\000v\000\340\000\040\000q\000u\036\243\000n\000\040\000l\000\375\000\040\000d\036\357\000\040\000l\000i\036\307\000u\000\040\000o\000f\000f\000-\000c\000h\000a\000i\000n}{}% 13
\BOOKMARK [2][-]{subsection.0.5.1}{\376\377\000P\000o\000s\000t\000g\000r\000e\000S\000Q\000L\000\040\000c\000h\000o\000\040\000d\036\357\000\040\000l\000i\036\307\000u\000\040\000n\000g\000h\000i\036\307\000p\000\040\000v\036\345}{section.0.5}% 14
\BOOKMARK [1][-]{section.0.6}{\376\377\000C\000a\000c\000h\000e\000\040\000v\000\340\000\040\000t\036\321\000i\000\040\001\260\000u\000\040\000h\000i\036\307\000u\000\040\000n\001\003\000n\000g}{}% 15
\BOOKMARK [2][-]{subsection.0.6.1}{\376\377\000R\000e\000d\000i\000s}{section.0.6}% 16
\BOOKMARK [1][-]{section.0.7}{\376\377\000L\001\260\000u\000\040\000t\000r\036\357\000\040\000n\036\331\000i\000\040\000d\000u\000n\000g\000\040\000s\036\321}{}% 17
\BOOKMARK [2][-]{subsection.0.7.1}{\376\377\000A\000m\000a\000z\000o\000n\000\040\000S\0003\000\040\000v\000\340\000\040\000c\001\241\000\040\000c\000h\036\277\000\040\000p\000r\000e\000s\000i\000g\000n\000e\000d\000\040\000U\000R\000L}{section.0.7}% 18
\BOOKMARK [1][-]{section.0.8}{\376\377\000B\000l\000o\000c\000k\000c\000h\000a\000i\000n\000\040\000v\000\340\000\040\000S\000m\000a\000r\000t\000\040\000C\000o\000n\000t\000r\000a\000c\000t}{}% 19
\BOOKMARK [2][-]{subsection.0.8.1}{\376\377\000S\000o\000l\000i\000d\000i\000t\000y\000,\000\040\000E\000V\000M\000\040\000v\000\340\000\040\000c\000h\000u\036\251\000n\000\040\000N\000F\000T}{section.0.8}% 20
\BOOKMARK [1][-]{section.0.9}{\376\377\000X\000\341\000c\000\040\000t\000h\036\361\000c\000\040\000v\000\340\000\040\000b\036\243\000o\000\040\000m\036\255\000t}{}% 21
\BOOKMARK [2][-]{subsection.0.9.1}{\376\377\000S\000I\000W\000E\000\040\000\050\000E\000I\000P\000-\0004\0003\0006\0001\000\051\000\040\000c\000h\000o\000\040\001\021\001\003\000n\000g\000\040\000n\000h\036\255\000p\000\040\000b\036\261\000n\000g\000\040\000v\000\355}{section.0.9}% 22
\BOOKMARK [2][-]{subsection.0.9.2}{\376\377\000J\000W\000T\000\040\000\050\000R\000F\000C\000\040\0007\0005\0001\0009\000\051\000\040\001\021\036\303\000\040\000b\036\243\000o\000\040\000v\036\307\000\040\000A\000P\000I}{section.0.9}% 23
\BOOKMARK [1][-]{section.0.10}{\376\377\000T\000r\000i\036\303\000n\000\040\000k\000h\000a\000i\000\040\000v\000\340\000\040\000v\036\255\000n\000\040\000h\000\340\000n\000h\000\050\000c\000\341\000i\000\040\000n\000\340\000y\000\040\000c\036\247\000n\000\040\000u\000p\000d\000a\000t\000e\000\040\000l\036\241\000i\000,\000\040\000h\000i\036\307\000n\000\040\000t\036\241\000i\000\040\001\021\000a\000n\000g\000\040\000c\000h\001\260\000a\000\040\000l\000\340\000m\000\051}{}% 24
\BOOKMARK [2][-]{subsection.0.10.1}{\376\377\000D\000o\000c\000k\000e\000r\000\040\000v\000\340\000\040\001\021\036\313\000n\000h\000\040\000h\001\260\036\333\000n\000g\000\040\000t\000r\000i\036\303\000n\000\040\000k\000h\000a\000i\000\040\000t\000r\000\352\000n\000\040\000A\000W\000S}{section.0.10}% 25
\BOOKMARK [1][-]{section.0.11}{\376\377\000K\036\277\000t\000\040\000l\000u\036\255\000n\000\040\000c\000h\001\260\001\241\000n\000g}{}% 26
