\BOOKMARK [1][-]{section.0.1}{\376\377\001\020\036\323\000n\000g\000\040\000b\036\331\000\040\000d\036\357\000\040\000l\000i\036\307\000u\000\040\000t\036\353\000\040\000b\000l\000o\000c\000k\000c\000h\000a\000i\000n\000\040\000v\036\301\000\040\000c\001\241\000\040\000s\036\337\000\040\000d\036\357\000\040\000l\000i\036\307\000u}{}% 1
\BOOKMARK [2][-]{subsection.0.1.1}{\376\377\000G\000i\036\333\000i\000\040\000t\000h\000i\036\307\000u}{section.0.1}% 2
\BOOKMARK [2][-]{subsection.0.1.2}{\376\377\000G\000i\036\243\000i\000\040\000p\000h\000\341\000p}{section.0.1}% 3
\BOOKMARK [2][-]{subsection.0.1.3}{\376\377\000K\036\277\000t\000\040\000q\000u\036\243\000\040\001\021\036\241\000t\000\040\001\021\001\260\036\343\000c}{section.0.1}% 4
\BOOKMARK [1][-]{section.0.2}{\376\377\000C\001\241\000\040\000c\000h\036\277\000\040\000x\000\341\000c\000\040\000m\000i\000n\000h\000\040\000g\000i\000a\000o\000\040\000d\036\313\000c\000h\000\040\001\021\036\303\000\040\000t\000r\000\341\000n\000h\000\040\000c\036\255\000p\000\040\000n\000h\036\255\000t\000\040\000s\000a\000i\000\040\000h\000o\036\267\000c\000\040\000b\036\313\000\040\000g\000i\036\243\000\040\000m\036\241\000o}{}% 5
\BOOKMARK [2][-]{subsection.0.2.1}{\376\377\000G\000i\036\333\000i\000\040\000t\000h\000i\036\307\000u}{section.0.2}% 6
\BOOKMARK [2][-]{subsection.0.2.2}{\376\377\000G\000i\036\243\000i\000\040\000p\000h\000\341\000p}{section.0.2}% 7
\BOOKMARK [2][-]{subsection.0.2.3}{\376\377\000K\036\277\000t\000\040\000q\000u\036\243\000\040\001\021\036\241\000t\000\040\001\021\001\260\036\343\000c}{section.0.2}% 8
\BOOKMARK [1][-]{section.0.3}{\376\377\000T\000h\000i\036\277\000t\000\040\000k\036\277\000\040\000c\036\255\000p\000\040\000n\000h\036\255\000t\000\040\000d\036\357\000\040\000l\000i\036\307\000u\000\040\000s\000a\000u\000\040\000g\000i\000a\000o\000\040\000d\036\313\000c\000h\000\040\000t\000h\000e\000o\000\040\000h\001\260\036\333\000n\000g\000\040\000i\000d\000e\000m\000p\000o\000t\000e\000n\000t\000\040\000v\000\340\000\040\000c\000\363\000\040\000t\000r\036\241\000n\000g\000\040\000t\000h\000\341\000i\000\040\000t\000r\000u\000n\000g\000\040\000g\000i\000a\000n}{}% 9
\BOOKMARK [2][-]{subsection.0.3.1}{\376\377\000G\000i\036\333\000i\000\040\000t\000h\000i\036\307\000u}{section.0.3}% 10
\BOOKMARK [2][-]{subsection.0.3.2}{\376\377\000G\000i\036\243\000i\000\040\000p\000h\000\341\000p}{section.0.3}% 11
\BOOKMARK [2][-]{subsection.0.3.3}{\376\377\000K\036\277\000t\000\040\000q\000u\036\243\000\040\001\021\036\241\000t\000\040\001\021\001\260\036\343\000c}{section.0.3}% 12
\BOOKMARK [1][-]{section.0.4}{\376\377\000T\036\321\000i\000\040\001\260\000u\000\040\000c\000\341\000c\000\040\000A\000P\000I\000\040\001\021\036\315\000c\000\040\000n\000h\000i\036\301\000u\000\040\000b\036\261\000n\000g\000\040\000c\000a\000c\000h\000e\000\040\000v\000\340\000\040\000t\036\325\000\040\000c\000h\036\351\000c\000\040\000t\000r\000u\000y\000\040\000v\036\245\000n\000\040\000p\000h\036\345\000c\000\040\000v\036\345\000\040\000U\000I}{}% 13
\BOOKMARK [2][-]{subsection.0.4.1}{\376\377\000G\000i\036\333\000i\000\040\000t\000h\000i\036\307\000u}{section.0.4}% 14
\BOOKMARK [2][-]{subsection.0.4.2}{\376\377\000G\000i\036\243\000i\000\040\000p\000h\000\341\000p}{section.0.4}% 15
\BOOKMARK [2][-]{subsection.0.4.3}{\376\377\000K\036\277\000t\000\040\000q\000u\036\243\000\040\001\021\036\241\000t\000\040\001\021\001\260\036\343\000c}{section.0.4}% 16
\BOOKMARK [1][-]{section.0.5}{\376\377\000C\000h\000i\036\277\000n\000\040\000l\001\260\036\343\000c\000\040\000m\000i\000g\000r\000a\000t\000i\000o\000n\000\040\000a\000n\000\040\000t\000o\000\340\000n\000\040\001\021\036\303\000\040\000g\000i\036\243\000m\000\040\000r\036\347\000i\000\040\000r\000o\000\040\000g\000i\000\341\000n\000\040\001\021\000o\036\241\000n}{}% 17
\BOOKMARK [2][-]{subsection.0.5.1}{\376\377\000G\000i\036\333\000i\000\040\000t\000h\000i\036\307\000u}{section.0.5}% 18
\BOOKMARK [2][-]{subsection.0.5.2}{\376\377\000G\000i\036\243\000i\000\040\000p\000h\000\341\000p}{section.0.5}% 19
\BOOKMARK [2][-]{subsection.0.5.3}{\376\377\000K\036\277\000t\000\040\000q\000u\036\243\000\040\001\021\036\241\000t\000\040\001\021\001\260\036\343\000c}{section.0.5}% 20
\BOOKMARK [1][-]{section.0.6}{\376\377\000K\036\277\000t\000\040\000l\000u\036\255\000n\000\040\000c\000h\001\260\001\241\000n\000g}{}% 21
